<?xml version="1.0" encoding="UTF-8"?>
<!-- Generated by org.testng.reporters.JUnitReportReporter -->
<testsuite skipped="0" hostname="LT-CHN-42755" name="jenkinstest.Sample1" tests="1" failures="0" timestamp="2020-10-21T23:24:44 IST" time="0.008" errors="0">
  <testcase name="method1" time="0.008" classname="jenkinstest.Sample1"/>
  <system-out/>
</testsuite> <!-- jenkinstest.Sample1 -->
